Using pre-set license
Built from '2020.2/staging' branch; Version is '2020.2.5f1 (e2c53f129de5) revision 14861631'; Using compiler version '192528614'; Build Type 'Release'
OS: 'Windows 10 Enterprise LTSC 2019; OS build 17763.2366; Version 1809; 64bit' Language: 'ru' Physical Memory: 8183 MB
BatchMode: 1, IsHumanControllingUs: 0, StartBugReporterOnCrash: 0, Is64bit: 1, IsPro: 0

 COMMAND LINE ARGUMENTS:
C:\Program Files\2020.2.5f1\Editor\Unity.exe
-adb2
-batchMode
-noUpm
-name
AssetImportWorker1
-projectPath
G:/7tam/GitHub/MathTriviaGame
-logFile
Logs/AssetImportWorker1.log
-srvPort
56835
Successfully changed project path to: G:/7tam/GitHub/MathTriviaGame
G:/7tam/GitHub/MathTriviaGame
Using Asset Import Pipeline V2.
Refreshing native plugins compatible for Editor in 63.66 ms, found 1 plugins.
Preloading 0 native plugins for Editor in 0.00 ms.
Initialize engine version: 2020.2.5f1 (e2c53f129de5)
[Subsystems] Discovering subsystems at path C:/Program Files/2020.2.5f1/Editor/Data/Resources/UnitySubsystems
[Subsystems] Discovering subsystems at path G:/7tam/GitHub/MathTriviaGame/Assets
GfxDevice: creating device client; threaded=0
Direct3D:
    Version:  Direct3D 11.0 [level 11.0]
    Renderer: NVIDIA GeForce GTX 650 Ti BOOST (ID=0x11c2)
    Vendor:   
    VRAM:     1998 MB
    Driver:   27.21.14.5671
Initialize mono
Mono path[0] = 'C:/Program Files/2020.2.5f1/Editor/Data/Managed'
Mono path[1] = 'C:/Program Files/2020.2.5f1/Editor/Data/MonoBleedingEdge/lib/mono/unityjit'
Mono config path = 'C:/Program Files/2020.2.5f1/Editor/Data/MonoBleedingEdge/etc'
Using monoOptions --debugger-agent=transport=dt_socket,embedding=1,server=y,suspend=n,address=127.0.0.1:56472
Begin MonoManager ReloadAssembly
Registering precompiled unity dll's ...
Register platform support module: C:/Program Files/2020.2.5f1/Editor/Data/PlaybackEngines/WindowsStandaloneSupport/UnityEditor.WindowsStandalone.Extensions.dll
Registered in 0.002792 seconds.
Native extension for WindowsStandalone target not found
Refreshing native plugins compatible for Editor in 69.29 ms, found 1 plugins.
Preloading 0 native plugins for Editor in 0.00 ms.
Invoked RoslynAnalysisRunner static constructor.
RoslynAnalysisRunner will not be running.
RoslynAnalysisRunner has terminated.
Mono: successfully reloaded assembly
- Completed reload, in  3.783 seconds
Platform modules already initialized, skipping
Registering precompiled user dll's ...
Registered in 0.001095 seconds.
Begin MonoManager ReloadAssembly
Native extension for WindowsStandalone target not found
Refreshing native plugins compatible for Editor in 65.13 ms, found 1 plugins.
Preloading 0 native plugins for Editor in 0.00 ms.
Invoked RoslynAnalysisRunner static constructor.
RoslynAnalysisRunner will not be running.
RoslynAnalysisRunner has terminated.
Mono: successfully reloaded assembly
- Completed reload, in  1.691 seconds
Platform modules already initialized, skipping
========================================================================
Worker process is ready to serve import requests
Launched and connected shader compiler UnityShaderCompiler.exe after 0.13 seconds
Refreshing native plugins compatible for Editor in 0.51 ms, found 1 plugins.
Preloading 0 native plugins for Editor in 0.00 ms.
Unloading 1797 Unused Serialized files (Serialized files now loaded: 0)
System memory in use before: 84.3 MB.
System memory in use after: 84.2 MB.

Unloading 24 unused Assets to reduce memory usage. Loaded Objects now: 2238.
Total: 3.477700 ms (FindLiveObjects: 0.243200 ms CreateObjectMapping: 0.111900 ms MarkObjects: 2.918000 ms  DeleteObjects: 0.202800 ms)

========================================================================
Received Import Request.
  path: Assets/Scripts
  artifactKey: Guid(34065a92594281d499b14701216e5d45) Importer(815301076,1909f56bfc062723c751e8b465ee728b)
Start importing Assets/Scripts using Guid(34065a92594281d499b14701216e5d45) Importer(815301076,1909f56bfc062723c751e8b465ee728b)  -> (artifact id: 'efea2ca955e9548750cc164aa5e8699b') in 0.024767 seconds
  Import took 0.052279 seconds .

========================================================================
Received Import Request.
  Time since last request: 0.000447 seconds.
  path: Assets/Scripts/NewBehaviourScript.cs
  artifactKey: Guid(a4d40300f1d5510498ed0898c85f02c7) Importer(815301076,1909f56bfc062723c751e8b465ee728b)
Start importing Assets/Scripts/NewBehaviourScript.cs using Guid(a4d40300f1d5510498ed0898c85f02c7) Importer(815301076,1909f56bfc062723c751e8b465ee728b)  -> (artifact id: '5600780c7bb349ff109815497ac81de1') in 0.036336 seconds
  Import took 0.047652 seconds .

========================================================================
Received Import Request.
  Time since last request: 6.199450 seconds.
  path: Assets/Scripts/JsonDataClass.cs
  artifactKey: Guid(f8858d1aeebb65743a102ab1d06cc3b0) Importer(815301076,1909f56bfc062723c751e8b465ee728b)
Start importing Assets/Scripts/JsonDataClass.cs using Guid(f8858d1aeebb65743a102ab1d06cc3b0) Importer(815301076,1909f56bfc062723c751e8b465ee728b)  -> (artifact id: '8ee239ef84d59fc77d60b3bf9018cc1c') in 0.013978 seconds
  Import took 0.030788 seconds .

========================================================================
Received Prepare
Registering precompiled user dll's ...
Registered in 0.001262 seconds.
Begin MonoManager ReloadAssembly
Native extension for WindowsStandalone target not found
Refreshing native plugins compatible for Editor in 0.65 ms, found 1 plugins.
Preloading 0 native plugins for Editor in 0.00 ms.
Invoked RoslynAnalysisRunner static constructor.
RoslynAnalysisRunner will not be running.
RoslynAnalysisRunner has terminated.
Mono: successfully reloaded assembly
- Completed reload, in  1.445 seconds
Platform modules already initialized, skipping
Refreshing native plugins compatible for Editor in 0.51 ms, found 1 plugins.
Preloading 0 native plugins for Editor in 0.00 ms.
Unloading 1793 Unused Serialized files (Serialized files now loaded: 0)
System memory in use before: 84.3 MB.
System memory in use after: 84.3 MB.

Unloading 12 unused Assets to reduce memory usage. Loaded Objects now: 2242.
Total: 3.286900 ms (FindLiveObjects: 0.259800 ms CreateObjectMapping: 0.261900 ms MarkObjects: 2.609300 ms  DeleteObjects: 0.154300 ms)

========================================================================
Received Prepare
Registering precompiled user dll's ...
Registered in 0.001284 seconds.
Begin MonoManager ReloadAssembly
Native extension for WindowsStandalone target not found
Refreshing native plugins compatible for Editor in 0.53 ms, found 1 plugins.
Preloading 0 native plugins for Editor in 0.00 ms.
Invoked RoslynAnalysisRunner static constructor.
RoslynAnalysisRunner will not be running.
RoslynAnalysisRunner has terminated.
Mono: successfully reloaded assembly
- Completed reload, in  1.441 seconds
Platform modules already initialized, skipping
Refreshing native plugins compatible for Editor in 0.51 ms, found 1 plugins.
Preloading 0 native plugins for Editor in 0.00 ms.
Unloading 1792 Unused Serialized files (Serialized files now loaded: 0)
System memory in use before: 84.3 MB.
System memory in use after: 84.3 MB.

Unloading 13 unused Assets to reduce memory usage. Loaded Objects now: 2244.
Total: 3.189500 ms (FindLiveObjects: 0.354700 ms CreateObjectMapping: 0.110400 ms MarkObjects: 2.549100 ms  DeleteObjects: 0.173400 ms)

========================================================================
Received Prepare
Registering precompiled user dll's ...
Registered in 0.001575 seconds.
Begin MonoManager ReloadAssembly
Native extension for WindowsStandalone target not found
Refreshing native plugins compatible for Editor in 0.56 ms, found 1 plugins.
Preloading 0 native plugins for Editor in 0.00 ms.
Invoked RoslynAnalysisRunner static constructor.
RoslynAnalysisRunner will not be running.
RoslynAnalysisRunner has terminated.
Mono: successfully reloaded assembly
- Completed reload, in  1.462 seconds
Platform modules already initialized, skipping
Refreshing native plugins compatible for Editor in 0.53 ms, found 1 plugins.
Preloading 0 native plugins for Editor in 0.00 ms.
Unloading 1792 Unused Serialized files (Serialized files now loaded: 0)
System memory in use before: 84.3 MB.
System memory in use after: 84.3 MB.

Unloading 12 unused Assets to reduce memory usage. Loaded Objects now: 2247.
Total: 3.119300 ms (FindLiveObjects: 0.251200 ms CreateObjectMapping: 0.115000 ms MarkObjects: 2.595800 ms  DeleteObjects: 0.155600 ms)

========================================================================
Received Import Request.
  Time since last request: 185.705758 seconds.
  path: Assets/Scripts/JsonDataClass.cs
  artifactKey: Guid(f8858d1aeebb65743a102ab1d06cc3b0) Importer(815301076,1909f56bfc062723c751e8b465ee728b)
Start importing Assets/Scripts/JsonDataClass.cs using Guid(f8858d1aeebb65743a102ab1d06cc3b0) Importer(815301076,1909f56bfc062723c751e8b465ee728b)  -> (artifact id: '2fa454b79dca27c4b748b18f28724dc1') in 0.010203 seconds
  Import took 0.027452 seconds .

========================================================================
Received Prepare
Registering precompiled user dll's ...
Registered in 0.015672 seconds.
Begin MonoManager ReloadAssembly
Native extension for WindowsStandalone target not found
Refreshing native plugins compatible for Editor in 0.56 ms, found 1 plugins.
Preloading 0 native plugins for Editor in 0.00 ms.
Invoked RoslynAnalysisRunner static constructor.
RoslynAnalysisRunner will not be running.
RoslynAnalysisRunner has terminated.
Mono: successfully reloaded assembly
- Completed reload, in  1.563 seconds
Platform modules already initialized, skipping
Refreshing native plugins compatible for Editor in 0.55 ms, found 1 plugins.
Preloading 0 native plugins for Editor in 0.00 ms.
Unloading 1793 Unused Serialized files (Serialized files now loaded: 0)
System memory in use before: 84.3 MB.
System memory in use after: 84.3 MB.

Unloading 12 unused Assets to reduce memory usage. Loaded Objects now: 2251.
Total: 3.847300 ms (FindLiveObjects: 0.392600 ms CreateObjectMapping: 0.119200 ms MarkObjects: 3.078900 ms  DeleteObjects: 0.253500 ms)

========================================================================
Received Import Request.
  Time since last request: 101.394339 seconds.
  path: Assets/Scripts/JsonController.cs
  artifactKey: Guid(a96fe9e6dc0c3ae42bbe5427e99e3ba0) Importer(815301076,1909f56bfc062723c751e8b465ee728b)
Start importing Assets/Scripts/JsonController.cs using Guid(a96fe9e6dc0c3ae42bbe5427e99e3ba0) Importer(815301076,1909f56bfc062723c751e8b465ee728b)  -> (artifact id: '28f720686ac86cf3c560880a41cf553a') in 0.016099 seconds
  Import took 0.045929 seconds .

========================================================================
Received Prepare
Registering precompiled user dll's ...
Registered in 0.001316 seconds.
Begin MonoManager ReloadAssembly
Native extension for WindowsStandalone target not found
Refreshing native plugins compatible for Editor in 0.57 ms, found 1 plugins.
Preloading 0 native plugins for Editor in 0.00 ms.
Invoked RoslynAnalysisRunner static constructor.
RoslynAnalysisRunner will not be running.
RoslynAnalysisRunner has terminated.
Mono: successfully reloaded assembly
- Completed reload, in  1.411 seconds
Platform modules already initialized, skipping
Refreshing native plugins compatible for Editor in 0.58 ms, found 1 plugins.
Preloading 0 native plugins for Editor in 0.00 ms.
Unloading 1793 Unused Serialized files (Serialized files now loaded: 0)
System memory in use before: 84.3 MB.
System memory in use after: 84.3 MB.

Unloading 12 unused Assets to reduce memory usage. Loaded Objects now: 2254.
Total: 3.173200 ms (FindLiveObjects: 0.244000 ms CreateObjectMapping: 0.110300 ms MarkObjects: 2.641500 ms  DeleteObjects: 0.175500 ms)

========================================================================
Received Import Request.
  Time since last request: 370.470875 seconds.
  path: Assets/Scripts/JsonController.cs
  artifactKey: Guid(a96fe9e6dc0c3ae42bbe5427e99e3ba0) Importer(815301076,1909f56bfc062723c751e8b465ee728b)
Start importing Assets/Scripts/JsonController.cs using Guid(a96fe9e6dc0c3ae42bbe5427e99e3ba0) Importer(815301076,1909f56bfc062723c751e8b465ee728b)  -> (artifact id: '64a6c2b8d1f24cbdad081d51a76982b8') in 0.010102 seconds
  Import took 0.032355 seconds .

========================================================================
Received Prepare
Registering precompiled user dll's ...
Registered in 0.001339 seconds.
Begin MonoManager ReloadAssembly
Native extension for WindowsStandalone target not found
Refreshing native plugins compatible for Editor in 0.53 ms, found 1 plugins.
Preloading 0 native plugins for Editor in 0.00 ms.
Invoked RoslynAnalysisRunner static constructor.
RoslynAnalysisRunner will not be running.
RoslynAnalysisRunner has terminated.
Mono: successfully reloaded assembly
- Completed reload, in  1.403 seconds
Platform modules already initialized, skipping
Refreshing native plugins compatible for Editor in 0.52 ms, found 1 plugins.
Preloading 0 native plugins for Editor in 0.00 ms.
Unloading 1793 Unused Serialized files (Serialized files now loaded: 0)
System memory in use before: 84.4 MB.
System memory in use after: 84.4 MB.

Unloading 12 unused Assets to reduce memory usage. Loaded Objects now: 2257.
Total: 3.114800 ms (FindLiveObjects: 0.252100 ms CreateObjectMapping: 0.107000 ms MarkObjects: 2.583300 ms  DeleteObjects: 0.170500 ms)

========================================================================
Received Prepare
Registering precompiled user dll's ...
Registered in 0.001258 seconds.
Begin MonoManager ReloadAssembly
Native extension for WindowsStandalone target not found
Refreshing native plugins compatible for Editor in 0.56 ms, found 1 plugins.
Preloading 0 native plugins for Editor in 0.00 ms.
Invoked RoslynAnalysisRunner static constructor.
RoslynAnalysisRunner will not be running.
RoslynAnalysisRunner has terminated.
Mono: successfully reloaded assembly
- Completed reload, in  1.401 seconds
Platform modules already initialized, skipping
Refreshing native plugins compatible for Editor in 0.53 ms, found 1 plugins.
Preloading 0 native plugins for Editor in 0.00 ms.
Unloading 1793 Unused Serialized files (Serialized files now loaded: 0)
System memory in use before: 84.4 MB.
System memory in use after: 84.4 MB.

Unloading 12 unused Assets to reduce memory usage. Loaded Objects now: 2260.
Total: 3.183300 ms (FindLiveObjects: 0.238300 ms CreateObjectMapping: 0.107100 ms MarkObjects: 2.666800 ms  DeleteObjects: 0.169300 ms)

========================================================================
Received Prepare
Registering precompiled user dll's ...
Registered in 0.001243 seconds.
Begin MonoManager ReloadAssembly
Native extension for WindowsStandalone target not found
Refreshing native plugins compatible for Editor in 0.67 ms, found 1 plugins.
Preloading 0 native plugins for Editor in 0.00 ms.
Invoked RoslynAnalysisRunner static constructor.
RoslynAnalysisRunner will not be running.
RoslynAnalysisRunner has terminated.
Mono: successfully reloaded assembly
- Completed reload, in  1.446 seconds
Platform modules already initialized, skipping
Refreshing native plugins compatible for Editor in 0.57 ms, found 1 plugins.
Preloading 0 native plugins for Editor in 0.00 ms.
Unloading 1793 Unused Serialized files (Serialized files now loaded: 0)
System memory in use before: 84.4 MB.
System memory in use after: 84.4 MB.

Unloading 12 unused Assets to reduce memory usage. Loaded Objects now: 2263.
Total: 3.132000 ms (FindLiveObjects: 0.276600 ms CreateObjectMapping: 0.107200 ms MarkObjects: 2.569400 ms  DeleteObjects: 0.177000 ms)

========================================================================
Received Import Request.
  Time since last request: 291.108740 seconds.
  path: Assets/Scripts/Test.cs
  artifactKey: Guid(ead8028a864703b4daec3335c00491ab) Importer(815301076,1909f56bfc062723c751e8b465ee728b)
Start importing Assets/Scripts/Test.cs using Guid(ead8028a864703b4daec3335c00491ab) Importer(815301076,1909f56bfc062723c751e8b465ee728b)  -> (artifact id: '10bf2b5081a6803309df8536884da8f3') in 0.017314 seconds
  Import took 0.023068 seconds .

========================================================================
Received Prepare
Registering precompiled user dll's ...
Registered in 0.001296 seconds.
Begin MonoManager ReloadAssembly
Native extension for WindowsStandalone target not found
Refreshing native plugins compatible for Editor in 0.57 ms, found 1 plugins.
Preloading 0 native plugins for Editor in 0.00 ms.
Invoked RoslynAnalysisRunner static constructor.
RoslynAnalysisRunner will not be running.
RoslynAnalysisRunner has terminated.
Mono: successfully reloaded assembly
- Completed reload, in  1.437 seconds
Platform modules already initialized, skipping
Refreshing native plugins compatible for Editor in 0.54 ms, found 1 plugins.
Preloading 0 native plugins for Editor in 0.00 ms.
Unloading 1794 Unused Serialized files (Serialized files now loaded: 0)
System memory in use before: 84.4 MB.
System memory in use after: 84.4 MB.

Unloading 12 unused Assets to reduce memory usage. Loaded Objects now: 2267.
Total: 3.085500 ms (FindLiveObjects: 0.249000 ms CreateObjectMapping: 0.110800 ms MarkObjects: 2.549300 ms  DeleteObjects: 0.174100 ms)

========================================================================
Received Import Request.
  Time since last request: 6.154097 seconds.
  path: Assets/Scripts/JsonController.cs
  artifactKey: Guid(a96fe9e6dc0c3ae42bbe5427e99e3ba0) Importer(815301076,1909f56bfc062723c751e8b465ee728b)
Start importing Assets/Scripts/JsonController.cs using Guid(a96fe9e6dc0c3ae42bbe5427e99e3ba0) Importer(815301076,1909f56bfc062723c751e8b465ee728b)  -> (artifact id: '37a59aa5e0729bf92bb361bee408b0ac') in 0.006031 seconds
  Import took 0.010369 seconds .

========================================================================
Received Prepare
Registering precompiled user dll's ...
Registered in 0.001302 seconds.
Begin MonoManager ReloadAssembly
Native extension for WindowsStandalone target not found
Refreshing native plugins compatible for Editor in 0.59 ms, found 1 plugins.
Preloading 0 native plugins for Editor in 0.00 ms.
Invoked RoslynAnalysisRunner static constructor.
RoslynAnalysisRunner will not be running.
RoslynAnalysisRunner has terminated.
Mono: successfully reloaded assembly
- Completed reload, in  1.463 seconds
Platform modules already initialized, skipping
Refreshing native plugins compatible for Editor in 0.53 ms, found 1 plugins.
Preloading 0 native plugins for Editor in 0.00 ms.
Unloading 1792 Unused Serialized files (Serialized files now loaded: 0)
System memory in use before: 84.4 MB.
System memory in use after: 84.4 MB.

Unloading 14 unused Assets to reduce memory usage. Loaded Objects now: 2268.
Total: 3.289500 ms (FindLiveObjects: 0.245800 ms CreateObjectMapping: 0.106900 ms MarkObjects: 2.782200 ms  DeleteObjects: 0.152700 ms)

========================================================================
Received Prepare
Registering precompiled user dll's ...
Registered in 0.001344 seconds.
Begin MonoManager ReloadAssembly
Native extension for WindowsStandalone target not found
Refreshing native plugins compatible for Editor in 0.56 ms, found 1 plugins.
Preloading 0 native plugins for Editor in 0.00 ms.
Invoked RoslynAnalysisRunner static constructor.
RoslynAnalysisRunner will not be running.
RoslynAnalysisRunner has terminated.
Mono: successfully reloaded assembly
- Completed reload, in  1.544 seconds
Platform modules already initialized, skipping
Refreshing native plugins compatible for Editor in 0.52 ms, found 1 plugins.
Preloading 0 native plugins for Editor in 0.00 ms.
Unloading 1793 Unused Serialized files (Serialized files now loaded: 0)
System memory in use before: 84.4 MB.
System memory in use after: 84.4 MB.

Unloading 12 unused Assets to reduce memory usage. Loaded Objects now: 2272.
Total: 3.820600 ms (FindLiveObjects: 0.243000 ms CreateObjectMapping: 0.106900 ms MarkObjects: 3.305900 ms  DeleteObjects: 0.162600 ms)

========================================================================
Received Import Request.
  Time since last request: 174.642979 seconds.
  path: Assets/Scripts/Test.cs
  artifactKey: Guid(ead8028a864703b4daec3335c00491ab) Importer(815301076,1909f56bfc062723c751e8b465ee728b)
Start importing Assets/Scripts/Test.cs using Guid(ead8028a864703b4daec3335c00491ab) Importer(815301076,1909f56bfc062723c751e8b465ee728b)  -> (artifact id: 'a60bbe2759a54a0fcc433b8fe80b7ae7') in 0.006116 seconds
  Import took 0.010909 seconds .

========================================================================
Received Import Request.
  Time since last request: 0.008168 seconds.
  path: Assets/Scripts/Test.cs
  artifactKey: Guid(ead8028a864703b4daec3335c00491ab) Importer(815301076,1909f56bfc062723c751e8b465ee728b)
Start importing Assets/Scripts/Test.cs using Guid(ead8028a864703b4daec3335c00491ab) Importer(815301076,1909f56bfc062723c751e8b465ee728b)  -> (artifact id: 'a60bbe2759a54a0fcc433b8fe80b7ae7') in 0.002271 seconds
  Import took 0.006649 seconds .

========================================================================
Received Import Request.
  Time since last request: 16.797550 seconds.
  path: Assets/Scripts/ButtonAttribute.cs
  artifactKey: Guid(c803de1b4c997654183a5bc967c252c4) Importer(815301076,1909f56bfc062723c751e8b465ee728b)
Start importing Assets/Scripts/ButtonAttribute.cs using Guid(c803de1b4c997654183a5bc967c252c4) Importer(815301076,1909f56bfc062723c751e8b465ee728b)  -> (artifact id: 'da378100f30d1cecc24a229d773f3c30') in 0.012436 seconds
  Import took 0.016922 seconds .

========================================================================
Received Prepare
Registering precompiled user dll's ...
Registered in 0.001172 seconds.
Begin MonoManager ReloadAssembly
Native extension for WindowsStandalone target not found
Refreshing native plugins compatible for Editor in 0.53 ms, found 1 plugins.
Preloading 0 native plugins for Editor in 0.00 ms.
Invoked RoslynAnalysisRunner static constructor.
RoslynAnalysisRunner will not be running.
RoslynAnalysisRunner has terminated.
Mono: successfully reloaded assembly
- Completed reload, in  1.382 seconds
Platform modules already initialized, skipping
Refreshing native plugins compatible for Editor in 0.53 ms, found 1 plugins.
Preloading 0 native plugins for Editor in 0.00 ms.
Unloading 1793 Unused Serialized files (Serialized files now loaded: 0)
System memory in use before: 84.4 MB.
System memory in use after: 84.4 MB.

Unloading 12 unused Assets to reduce memory usage. Loaded Objects now: 2275.
Total: 3.153300 ms (FindLiveObjects: 0.236500 ms CreateObjectMapping: 0.107600 ms MarkObjects: 2.638500 ms  DeleteObjects: 0.169100 ms)

========================================================================
Received Prepare
Registering precompiled user dll's ...
Registered in 0.001782 seconds.
Begin MonoManager ReloadAssembly
Native extension for WindowsStandalone target not found
Refreshing native plugins compatible for Editor in 0.57 ms, found 1 plugins.
Preloading 0 native plugins for Editor in 0.00 ms.
Invoked RoslynAnalysisRunner static constructor.
RoslynAnalysisRunner will not be running.
RoslynAnalysisRunner has terminated.
Mono: successfully reloaded assembly
- Completed reload, in  1.587 seconds
Platform modules already initialized, skipping
Refreshing native plugins compatible for Editor in 0.55 ms, found 1 plugins.
Preloading 0 native plugins for Editor in 0.00 ms.
Unloading 1792 Unused Serialized files (Serialized files now loaded: 0)
System memory in use before: 84.4 MB.
System memory in use after: 84.4 MB.

Unloading 13 unused Assets to reduce memory usage. Loaded Objects now: 2277.
Total: 4.236800 ms (FindLiveObjects: 0.302000 ms CreateObjectMapping: 0.174400 ms MarkObjects: 3.591500 ms  DeleteObjects: 0.166900 ms)

========================================================================
Received Prepare
Registering precompiled user dll's ...
Registered in 0.001281 seconds.
Begin MonoManager ReloadAssembly
Native extension for WindowsStandalone target not found
Refreshing native plugins compatible for Editor in 0.56 ms, found 1 plugins.
Preloading 0 native plugins for Editor in 0.00 ms.
Invoked RoslynAnalysisRunner static constructor.
RoslynAnalysisRunner will not be running.
RoslynAnalysisRunner has terminated.
Mono: successfully reloaded assembly
- Completed reload, in  1.475 seconds
Platform modules already initialized, skipping
Refreshing native plugins compatible for Editor in 0.62 ms, found 1 plugins.
Preloading 0 native plugins for Editor in 0.00 ms.
Unloading 1792 Unused Serialized files (Serialized files now loaded: 0)
System memory in use before: 84.4 MB.
System memory in use after: 84.4 MB.

Unloading 12 unused Assets to reduce memory usage. Loaded Objects now: 2280.
Total: 3.278000 ms (FindLiveObjects: 0.231700 ms CreateObjectMapping: 0.110400 ms MarkObjects: 2.783900 ms  DeleteObjects: 0.150400 ms)

========================================================================
Received Import Request.
  Time since last request: 70.611118 seconds.
  path: Assets/Scripts/Test.cs
  artifactKey: Guid(ead8028a864703b4daec3335c00491ab) Importer(815301076,1909f56bfc062723c751e8b465ee728b)
Start importing Assets/Scripts/Test.cs using Guid(ead8028a864703b4daec3335c00491ab) Importer(815301076,1909f56bfc062723c751e8b465ee728b)  -> (artifact id: '3d998efea12535e26c4ea90666caee19') in 0.009992 seconds
  Import took 0.014322 seconds .

========================================================================
Received Prepare
Registering precompiled user dll's ...
Registered in 0.001293 seconds.
Begin MonoManager ReloadAssembly
Native extension for WindowsStandalone target not found
Refreshing native plugins compatible for Editor in 0.54 ms, found 1 plugins.
Preloading 0 native plugins for Editor in 0.00 ms.
Invoked RoslynAnalysisRunner static constructor.
RoslynAnalysisRunner will not be running.
RoslynAnalysisRunner has terminated.
Mono: successfully reloaded assembly
- Completed reload, in  1.416 seconds
Platform modules already initialized, skipping
Refreshing native plugins compatible for Editor in 0.52 ms, found 1 plugins.
Preloading 0 native plugins for Editor in 0.00 ms.
Unloading 1792 Unused Serialized files (Serialized files now loaded: 0)
System memory in use before: 84.4 MB.
System memory in use after: 84.4 MB.

Unloading 12 unused Assets to reduce memory usage. Loaded Objects now: 2283.
Total: 3.468400 ms (FindLiveObjects: 0.271500 ms CreateObjectMapping: 0.107300 ms MarkObjects: 2.934200 ms  DeleteObjects: 0.153000 ms)

========================================================================
Received Import Request.
  Time since last request: 206.494075 seconds.
  path: Assets/Scripts/Test.cs
  artifactKey: Guid(ead8028a864703b4daec3335c00491ab) Importer(815301076,1909f56bfc062723c751e8b465ee728b)
Start importing Assets/Scripts/Test.cs using Guid(ead8028a864703b4daec3335c00491ab) Importer(815301076,1909f56bfc062723c751e8b465ee728b)  -> (artifact id: '69bbecbc0871b88633fbab3e70f390a4') in 0.006113 seconds
  Import took 0.010778 seconds .

========================================================================
Received Prepare
Registering precompiled user dll's ...
Registered in 0.001304 seconds.
Begin MonoManager ReloadAssembly
Native extension for WindowsStandalone target not found
Refreshing native plugins compatible for Editor in 0.63 ms, found 1 plugins.
Preloading 0 native plugins for Editor in 0.00 ms.
Invoked RoslynAnalysisRunner static constructor.
RoslynAnalysisRunner will not be running.
RoslynAnalysisRunner has terminated.
Mono: successfully reloaded assembly
- Completed reload, in  1.638 seconds
Platform modules already initialized, skipping
Refreshing native plugins compatible for Editor in 0.62 ms, found 1 plugins.
Preloading 0 native plugins for Editor in 0.00 ms.
Unloading 1792 Unused Serialized files (Serialized files now loaded: 0)
System memory in use before: 84.4 MB.
System memory in use after: 84.4 MB.

Unloading 12 unused Assets to reduce memory usage. Loaded Objects now: 2286.
Total: 3.583100 ms (FindLiveObjects: 0.319500 ms CreateObjectMapping: 0.116600 ms MarkObjects: 2.978300 ms  DeleteObjects: 0.166700 ms)

========================================================================
Received Import Request.
  Time since last request: 312.523285 seconds.
  path: Assets/Scripts/Test.cs
  artifactKey: Guid(ead8028a864703b4daec3335c00491ab) Importer(815301076,1909f56bfc062723c751e8b465ee728b)
Start importing Assets/Scripts/Test.cs using Guid(ead8028a864703b4daec3335c00491ab) Importer(815301076,1909f56bfc062723c751e8b465ee728b)  -> (artifact id: '2a358740d8d105447d6e456321a239df') in 0.011895 seconds
  Import took 0.017060 seconds .

========================================================================
Received Prepare
Registering precompiled user dll's ...
Registered in 0.001266 seconds.
Begin MonoManager ReloadAssembly
Native extension for WindowsStandalone target not found
Refreshing native plugins compatible for Editor in 0.55 ms, found 1 plugins.
Preloading 0 native plugins for Editor in 0.00 ms.
Invoked RoslynAnalysisRunner static constructor.
RoslynAnalysisRunner will not be running.
RoslynAnalysisRunner has terminated.
Mono: successfully reloaded assembly
- Completed reload, in  1.414 seconds
Platform modules already initialized, skipping
Refreshing native plugins compatible for Editor in 0.55 ms, found 1 plugins.
Preloading 0 native plugins for Editor in 0.00 ms.
Unloading 1792 Unused Serialized files (Serialized files now loaded: 0)
System memory in use before: 84.4 MB.
System memory in use after: 84.4 MB.

Unloading 12 unused Assets to reduce memory usage. Loaded Objects now: 2289.
Total: 3.142100 ms (FindLiveObjects: 0.252100 ms CreateObjectMapping: 0.114400 ms MarkObjects: 2.619900 ms  DeleteObjects: 0.153900 ms)

========================================================================
Received Prepare
Registering precompiled user dll's ...
Registered in 0.001250 seconds.
Begin MonoManager ReloadAssembly
Native extension for WindowsStandalone target not found
Refreshing native plugins compatible for Editor in 0.61 ms, found 1 plugins.
Preloading 0 native plugins for Editor in 0.00 ms.
Invoked RoslynAnalysisRunner static constructor.
RoslynAnalysisRunner will not be running.
RoslynAnalysisRunner has terminated.
Mono: successfully reloaded assembly
- Completed reload, in  1.415 seconds
Platform modules already initialized, skipping
Refreshing native plugins compatible for Editor in 0.55 ms, found 1 plugins.
Preloading 0 native plugins for Editor in 0.00 ms.
Unloading 1792 Unused Serialized files (Serialized files now loaded: 0)
System memory in use before: 84.4 MB.
System memory in use after: 84.4 MB.

Unloading 12 unused Assets to reduce memory usage. Loaded Objects now: 2292.
Total: 3.128200 ms (FindLiveObjects: 0.260500 ms CreateObjectMapping: 0.113800 ms MarkObjects: 2.603900 ms  DeleteObjects: 0.148100 ms)

========================================================================
Received Import Request.
  Time since last request: 137.613219 seconds.
  path: Assets/Scripts/GameManager.cs
  artifactKey: Guid(977179b6baff92e478e54844b5a6a01f) Importer(815301076,1909f56bfc062723c751e8b465ee728b)
Start importing Assets/Scripts/GameManager.cs using Guid(977179b6baff92e478e54844b5a6a01f) Importer(815301076,1909f56bfc062723c751e8b465ee728b)  -> (artifact id: '6be6f7a969b0dcce0b5c7804e53643ac') in 0.018649 seconds
  Import took 0.032020 seconds .

========================================================================
Received Prepare
Registering precompiled user dll's ...
Registered in 0.001272 seconds.
Begin MonoManager ReloadAssembly
Native extension for WindowsStandalone target not found
Refreshing native plugins compatible for Editor in 0.71 ms, found 1 plugins.
Preloading 0 native plugins for Editor in 0.00 ms.
Invoked RoslynAnalysisRunner static constructor.
RoslynAnalysisRunner will not be running.
RoslynAnalysisRunner has terminated.
Mono: successfully reloaded assembly
- Completed reload, in  1.473 seconds
Platform modules already initialized, skipping
Refreshing native plugins compatible for Editor in 0.52 ms, found 1 plugins.
Preloading 0 native plugins for Editor in 0.00 ms.
Unloading 1793 Unused Serialized files (Serialized files now loaded: 0)
System memory in use before: 84.5 MB.
System memory in use after: 84.5 MB.

Unloading 12 unused Assets to reduce memory usage. Loaded Objects now: 2296.
Total: 3.088000 ms (FindLiveObjects: 0.251800 ms CreateObjectMapping: 0.110500 ms MarkObjects: 2.569500 ms  DeleteObjects: 0.153600 ms)

========================================================================
Received Prepare
Registering precompiled user dll's ...
Registered in 0.001327 seconds.
Begin MonoManager ReloadAssembly
Native extension for WindowsStandalone target not found
Refreshing native plugins compatible for Editor in 0.61 ms, found 1 plugins.
Preloading 0 native plugins for Editor in 0.00 ms.
Invoked RoslynAnalysisRunner static constructor.
RoslynAnalysisRunner will not be running.
RoslynAnalysisRunner has terminated.
Mono: successfully reloaded assembly
- Completed reload, in  1.450 seconds
Platform modules already initialized, skipping
Refreshing native plugins compatible for Editor in 0.51 ms, found 1 plugins.
Preloading 0 native plugins for Editor in 0.00 ms.
Unloading 1792 Unused Serialized files (Serialized files now loaded: 0)
System memory in use before: 84.5 MB.
System memory in use after: 84.4 MB.

Unloading 13 unused Assets to reduce memory usage. Loaded Objects now: 2298.
Total: 3.165000 ms (FindLiveObjects: 0.243800 ms CreateObjectMapping: 0.110200 ms MarkObjects: 2.656700 ms  DeleteObjects: 0.152500 ms)

========================================================================
Received Import Request.
  Time since last request: 20.694965 seconds.
  path: Assets/Scripts/TestManager.cs
  artifactKey: Guid(554156b5689495d4ca8b1813291a383a) Importer(815301076,1909f56bfc062723c751e8b465ee728b)
Start importing Assets/Scripts/TestManager.cs using Guid(554156b5689495d4ca8b1813291a383a) Importer(815301076,1909f56bfc062723c751e8b465ee728b)  -> (artifact id: '32ddded5439745ac07c930039732db36') in 0.016495 seconds
  Import took 0.022157 seconds .

========================================================================
Received Prepare
Registering precompiled user dll's ...
Registered in 0.001741 seconds.
Begin MonoManager ReloadAssembly
Native extension for WindowsStandalone target not found
Refreshing native plugins compatible for Editor in 0.54 ms, found 1 plugins.
Preloading 0 native plugins for Editor in 0.00 ms.
Invoked RoslynAnalysisRunner static constructor.
RoslynAnalysisRunner will not be running.
RoslynAnalysisRunner has terminated.
Mono: successfully reloaded assembly
- Completed reload, in  1.489 seconds
Platform modules already initialized, skipping
Refreshing native plugins compatible for Editor in 0.53 ms, found 1 plugins.
Preloading 0 native plugins for Editor in 0.00 ms.
Unloading 1793 Unused Serialized files (Serialized files now loaded: 0)
System memory in use before: 84.5 MB.
System memory in use after: 84.5 MB.

Unloading 12 unused Assets to reduce memory usage. Loaded Objects now: 2302.
Total: 3.163500 ms (FindLiveObjects: 0.255200 ms CreateObjectMapping: 0.110400 ms MarkObjects: 2.635900 ms  DeleteObjects: 0.159900 ms)

========================================================================
Received Prepare
Registering precompiled user dll's ...
Registered in 0.001306 seconds.
Begin MonoManager ReloadAssembly
Native extension for WindowsStandalone target not found
Refreshing native plugins compatible for Editor in 0.70 ms, found 1 plugins.
Preloading 0 native plugins for Editor in 0.00 ms.
Invoked RoslynAnalysisRunner static constructor.
RoslynAnalysisRunner will not be running.
RoslynAnalysisRunner has terminated.
Mono: successfully reloaded assembly
- Completed reload, in  1.443 seconds
Platform modules already initialized, skipping
Refreshing native plugins compatible for Editor in 0.57 ms, found 1 plugins.
Preloading 0 native plugins for Editor in 0.00 ms.
Unloading 1793 Unused Serialized files (Serialized files now loaded: 0)
System memory in use before: 84.5 MB.
System memory in use after: 84.5 MB.

Unloading 12 unused Assets to reduce memory usage. Loaded Objects now: 2305.
Total: 3.508600 ms (FindLiveObjects: 0.268400 ms CreateObjectMapping: 0.130000 ms MarkObjects: 2.950500 ms  DeleteObjects: 0.157300 ms)

========================================================================
Received Prepare
Registering precompiled user dll's ...
Registered in 0.001301 seconds.
Begin MonoManager ReloadAssembly
Native extension for WindowsStandalone target not found
Refreshing native plugins compatible for Editor in 0.55 ms, found 1 plugins.
Preloading 0 native plugins for Editor in 0.00 ms.
Invoked RoslynAnalysisRunner static constructor.
RoslynAnalysisRunner will not be running.
RoslynAnalysisRunner has terminated.
Mono: successfully reloaded assembly
- Completed reload, in  1.436 seconds
Platform modules already initialized, skipping
Refreshing native plugins compatible for Editor in 0.52 ms, found 1 plugins.
Preloading 0 native plugins for Editor in 0.00 ms.
Unloading 1793 Unused Serialized files (Serialized files now loaded: 0)
System memory in use before: 84.5 MB.
System memory in use after: 84.5 MB.

Unloading 12 unused Assets to reduce memory usage. Loaded Objects now: 2308.
Total: 3.115300 ms (FindLiveObjects: 0.255200 ms CreateObjectMapping: 0.111800 ms MarkObjects: 2.592600 ms  DeleteObjects: 0.153700 ms)

========================================================================
Received Prepare
Registering precompiled user dll's ...
Registered in 0.001268 seconds.
Begin MonoManager ReloadAssembly
Native extension for WindowsStandalone target not found
Refreshing native plugins compatible for Editor in 0.62 ms, found 1 plugins.
Preloading 0 native plugins for Editor in 0.00 ms.
Invoked RoslynAnalysisRunner static constructor.
RoslynAnalysisRunner will not be running.
RoslynAnalysisRunner has terminated.
Mono: successfully reloaded assembly
- Completed reload, in  1.425 seconds
Platform modules already initialized, skipping
Refreshing native plugins compatible for Editor in 0.55 ms, found 1 plugins.
Preloading 0 native plugins for Editor in 0.00 ms.
Unloading 1793 Unused Serialized files (Serialized files now loaded: 0)
System memory in use before: 84.5 MB.
System memory in use after: 84.5 MB.

Unloading 12 unused Assets to reduce memory usage. Loaded Objects now: 2311.
Total: 4.022600 ms (FindLiveObjects: 0.270800 ms CreateObjectMapping: 0.115500 ms MarkObjects: 3.340300 ms  DeleteObjects: 0.293500 ms)

========================================================================
Received Prepare
Registering precompiled user dll's ...
Registered in 0.001363 seconds.
Begin MonoManager ReloadAssembly
Native extension for WindowsStandalone target not found
Refreshing native plugins compatible for Editor in 0.56 ms, found 1 plugins.
Preloading 0 native plugins for Editor in 0.00 ms.
Invoked RoslynAnalysisRunner static constructor.
RoslynAnalysisRunner will not be running.
RoslynAnalysisRunner has terminated.
Mono: successfully reloaded assembly
- Completed reload, in  1.433 seconds
Platform modules already initialized, skipping
Refreshing native plugins compatible for Editor in 0.69 ms, found 1 plugins.
Preloading 0 native plugins for Editor in 0.00 ms.
Unloading 1806 Unused Serialized files (Serialized files now loaded: 0)
System memory in use before: 86.2 MB.
System memory in use after: 85.6 MB.

Unloading 25 unused Assets to reduce memory usage. Loaded Objects now: 2314.
Total: 3.882200 ms (FindLiveObjects: 0.273800 ms CreateObjectMapping: 0.112400 ms MarkObjects: 2.891500 ms  DeleteObjects: 0.602000 ms)

